

Started GET "/help" for 127.0.0.1 at 2012-02-07 00:17:16 +0200
  Processing by PagesController#help as HTML
Rendered layouts/_stylesheets.html.erb (1.0ms)
Rendered layouts/_header.html.erb (1.0ms)
Rendered layouts/_footer.html.erb (0.0ms)
Rendered pages/help.html.erb within layouts/application (12.0ms)
Completed 200 OK in 37ms (Views: 36.6ms | ActiveRecord: 0.0ms)


Started GET "/stylesheets/blueprint/screen.css?1328552441" for 127.0.0.1 at 2012-02-07 00:17:18 +0200

ActionController::RoutingError (No route matches "/stylesheets/blueprint/screen.css"):
  

Rendered C:/Ruby192/lib/ruby/gems/1.9.1/gems/actionpack-3.0.11/lib/action_dispatch/middleware/templates/rescues/routing_error.erb within rescues/layout (1.0ms)


Started GET "/stylesheets/custom.css?1328552441" for 127.0.0.1 at 2012-02-07 00:17:18 +0200

ActionController::RoutingError (No route matches "/stylesheets/custom.css"):
  

Rendered C:/Ruby192/lib/ruby/gems/1.9.1/gems/actionpack-3.0.11/lib/action_dispatch/middleware/templates/rescues/routing_error.erb within rescues/layout (1.0ms)


Started GET "/images/logo.png?1328552441" for 127.0.0.1 at 2012-02-07 00:17:18 +0200

ActionController::RoutingError (No route matches "/images/logo.png"):
  

Rendered C:/Ruby192/lib/ruby/gems/1.9.1/gems/actionpack-3.0.11/lib/action_dispatch/middleware/templates/rescues/routing_error.erb within rescues/layout (1.0ms)


Started GET "/stylesheets/blueprint/print.css?1328552441" for 127.0.0.1 at 2012-02-07 00:17:18 +0200

ActionController::RoutingError (No route matches "/stylesheets/blueprint/print.css"):
  

Rendered C:/Ruby192/lib/ruby/gems/1.9.1/gems/actionpack-3.0.11/lib/action_dispatch/middleware/templates/rescues/routing_error.erb within rescues/layout (0.0ms)


Started GET "/help" for 127.0.0.1 at 2012-02-07 00:17:20 +0200
  Processing by PagesController#help as HTML
Rendered layouts/_stylesheets.html.erb (1.0ms)
Rendered layouts/_header.html.erb (1.0ms)
Rendered layouts/_footer.html.erb (0.0ms)
Rendered pages/help.html.erb within layouts/application (2.0ms)
Completed 200 OK in 2ms (Views: 2.0ms | ActiveRecord: 0.0ms)


Started GET "/stylesheets/blueprint/screen.css?1328552441" for 127.0.0.1 at 2012-02-07 00:17:20 +0200

ActionController::RoutingError (No route matches "/stylesheets/blueprint/screen.css"):
  

Rendered C:/Ruby192/lib/ruby/gems/1.9.1/gems/actionpack-3.0.11/lib/action_dispatch/middleware/templates/rescues/routing_error.erb within rescues/layout (0.0ms)


Started GET "/images/logo.png?1328552441" for 127.0.0.1 at 2012-02-07 00:17:20 +0200

ActionController::RoutingError (No route matches "/images/logo.png"):
  

Rendered C:/Ruby192/lib/ruby/gems/1.9.1/gems/actionpack-3.0.11/lib/action_dispatch/middleware/templates/rescues/routing_error.erb within rescues/layout (0.0ms)


Started GET "/stylesheets/custom.css?1328552441" for 127.0.0.1 at 2012-02-07 00:17:20 +0200

ActionController::RoutingError (No route matches "/stylesheets/custom.css"):
  

Rendered C:/Ruby192/lib/ruby/gems/1.9.1/gems/actionpack-3.0.11/lib/action_dispatch/middleware/templates/rescues/routing_error.erb within rescues/layout (1.0ms)


Started GET "/stylesheets/blueprint/print.css?1328552441" for 127.0.0.1 at 2012-02-07 00:17:20 +0200

ActionController::RoutingError (No route matches "/stylesheets/blueprint/print.css"):
  

Rendered C:/Ruby192/lib/ruby/gems/1.9.1/gems/actionpack-3.0.11/lib/action_dispatch/middleware/templates/rescues/routing_error.erb within rescues/layout (1.0ms)
